build/app/intermediates/manifest_merge_blame_file/debug/processDebugMainManifest/manifest-merger-blame-debug-report.txt
1<?xml version="1.0" encoding="utf-8"?>
2<manifest xmlns:android="http://schemas.android.com/apk/res/android"
3    package="com.example.sheet_scanner"
4    android:versionCode="1"
5    android:versionName="0.1.0" >
6
7    <uses-sdk
8        android:minSdkVersion="24"
9        android:targetSdkVersion="36" />
10    <!--
11         The INTERNET permission is required for development. Specifically,
12         the Flutter tool needs it to communicate with the running application
13         to allow setting breakpoints, to provide hot reload, etc.
14    -->
15    <uses-permission android:name="android.permission.INTERNET" />
15-->src/debug/AndroidManifest.xml:6:5-66
15-->src/debug/AndroidManifest.xml:6:22-64
16    <!--
17     Required to query activities that can process text, see:
18         https://developer.android.com/training/package-visibility and
19         https://developer.android.com/reference/android/content/Intent#ACTION_PROCESS_TEXT.
20
21         In particular, this is used by the Flutter engine in io.flutter.plugin.text.ProcessTextPlugin.
22    -->
23    <queries>
23-->src/main/AndroidManifest.xml:39:5-44:15
24        <intent>
24-->src/main/AndroidManifest.xml:40:9-43:18
25            <action android:name="android.intent.action.PROCESS_TEXT" />
25-->src/main/AndroidManifest.xml:41:13-72
25-->src/main/AndroidManifest.xml:41:21-70
26
27            <data android:mimeType="text/plain" />
27-->src/main/AndroidManifest.xml:42:13-50
27-->src/main/AndroidManifest.xml:42:19-48
28        </intent>
29        <intent>
29-->[:file_picker] AndroidManifest.xml:12:9-16:18
30            <action android:name="android.intent.action.GET_CONTENT" />
30-->[:file_picker] AndroidManifest.xml:13:13-72
30-->[:file_picker] AndroidManifest.xml:13:21-69
31
32            <data android:mimeType="*/*" />
32-->src/main/AndroidManifest.xml:42:13-50
32-->src/main/AndroidManifest.xml:42:19-48
33        </intent>
34    </queries>
35
36    <uses-permission android:name="android.permission.CAMERA" />
36-->[:camera_android] AndroidManifest.xml:7:5-65
36-->[:camera_android] AndroidManifest.xml:7:22-62
37    <uses-permission android:name="android.permission.RECORD_AUDIO" />
37-->[:camera_android] AndroidManifest.xml:8:5-71
37-->[:camera_android] AndroidManifest.xml:8:22-68
38    <uses-permission
38-->[:file_picker] AndroidManifest.xml:7:5-9:38
39        android:name="android.permission.READ_EXTERNAL_STORAGE"
39-->[:file_picker] AndroidManifest.xml:8:9-64
40        android:maxSdkVersion="32" />
40-->[:file_picker] AndroidManifest.xml:9:9-35
41
42    <permission
42-->[androidx.core:core:1.16.0] AndroidManifest.xml:22:5-24:47
43        android:name="com.example.sheet_scanner.DYNAMIC_RECEIVER_NOT_EXPORTED_PERMISSION"
43-->[androidx.core:core:1.16.0] AndroidManifest.xml:23:9-81
44        android:protectionLevel="signature" />
44-->[androidx.core:core:1.16.0] AndroidManifest.xml:24:9-44
45
46    <uses-permission android:name="com.example.sheet_scanner.DYNAMIC_RECEIVER_NOT_EXPORTED_PERMISSION" /> <!-- Although the *SdkVersion is captured in gradle build files, this is required for non gradle builds -->
46-->[androidx.core:core:1.16.0] AndroidManifest.xml:26:5-97
46-->[androidx.core:core:1.16.0] AndroidManifest.xml:26:22-94
47    <!-- <uses-sdk android:minSdkVersion="14"/> -->
48    <uses-permission android:name="android.permission.ACCESS_NETWORK_STATE" />
48-->[com.google.android.datatransport:transport-backend-cct:2.3.3] AndroidManifest.xml:25:5-79
48-->[com.google.android.datatransport:transport-backend-cct:2.3.3] AndroidManifest.xml:25:22-76
49
50    <application
51        android:name="android.app.Application"
52        android:appComponentFactory="androidx.core.app.CoreComponentFactory"
52-->[androidx.core:core:1.16.0] AndroidManifest.xml:28:18-86
53        android:debuggable="true"
54        android:extractNativeLibs="false"
55        android:icon="@mipmap/ic_launcher"
56        android:label="sheet_scanner" >
57        <activity
58            android:name="com.example.sheet_scanner.MainActivity"
59            android:configChanges="orientation|keyboardHidden|keyboard|screenSize|smallestScreenSize|locale|layoutDirection|fontScale|screenLayout|density|uiMode"
60            android:exported="true"
61            android:hardwareAccelerated="true"
62            android:launchMode="singleTop"
63            android:taskAffinity=""
64            android:theme="@style/LaunchTheme"
65            android:windowSoftInputMode="adjustResize" >
66
67            <!--
68                 Specifies an Android theme to apply to this Activity as soon as
69                 the Android process has started. This theme is visible to the user
70                 while the Flutter UI initializes. After that, this theme continues
71                 to determine the Window background behind the Flutter UI.
72            -->
73            <meta-data
74                android:name="io.flutter.embedding.android.NormalTheme"
75                android:resource="@style/NormalTheme" />
76
77            <intent-filter>
78                <action android:name="android.intent.action.MAIN" />
79
80                <category android:name="android.intent.category.LAUNCHER" />
81            </intent-filter>
82        </activity>
83        <!--
84             Don't delete the meta-data below.
85             This is used by the Flutter tool to generate GeneratedPluginRegistrant.java
86        -->
87        <meta-data
88            android:name="flutterEmbedding"
89            android:value="2" />
90        <!--
91           Declares a provider which allows us to store files to share in
92           '.../caches/share_plus' and grant the receiving action access
93        -->
94        <provider
94-->[:share_plus] AndroidManifest.xml:13:9-21:20
95            android:name="dev.fluttercommunity.plus.share.ShareFileProvider"
95-->[:share_plus] AndroidManifest.xml:14:13-77
96            android:authorities="com.example.sheet_scanner.flutter.share_provider"
96-->[:share_plus] AndroidManifest.xml:15:13-74
97            android:exported="false"
97-->[:share_plus] AndroidManifest.xml:16:13-37
98            android:grantUriPermissions="true" >
98-->[:share_plus] AndroidManifest.xml:17:13-47
99            <meta-data
99-->[:share_plus] AndroidManifest.xml:18:13-20:68
100                android:name="android.support.FILE_PROVIDER_PATHS"
100-->[:share_plus] AndroidManifest.xml:19:17-67
101                android:resource="@xml/flutter_share_file_paths" />
101-->[:share_plus] AndroidManifest.xml:20:17-65
102        </provider>
103        <!--
104           This manifest declared broadcast receiver allows us to use an explicit
105           Intent when creating a PendingItent to be informed of the user's choice
106        -->
107        <receiver
107-->[:share_plus] AndroidManifest.xml:26:9-32:20
108            android:name="dev.fluttercommunity.plus.share.SharePlusPendingIntent"
108-->[:share_plus] AndroidManifest.xml:27:13-82
109            android:exported="false" >
109-->[:share_plus] AndroidManifest.xml:28:13-37
110            <intent-filter>
110-->[:share_plus] AndroidManifest.xml:29:13-31:29
111                <action android:name="EXTRA_CHOSEN_COMPONENT" />
111-->[:share_plus] AndroidManifest.xml:30:17-65
111-->[:share_plus] AndroidManifest.xml:30:25-62
112            </intent-filter>
113        </receiver>
114
115        <service
115-->[com.google.android.gms:play-services-mlkit-text-recognition-common:19.0.0] AndroidManifest.xml:9:9-15:19
116            android:name="com.google.mlkit.common.internal.MlKitComponentDiscoveryService"
116-->[com.google.android.gms:play-services-mlkit-text-recognition-common:19.0.0] AndroidManifest.xml:10:13-91
117            android:directBootAware="true"
117-->[com.google.mlkit:common:18.8.0] AndroidManifest.xml:17:13-43
118            android:exported="false" >
118-->[com.google.android.gms:play-services-mlkit-text-recognition-common:19.0.0] AndroidManifest.xml:11:13-37
119            <meta-data
119-->[com.google.android.gms:play-services-mlkit-text-recognition-common:19.0.0] AndroidManifest.xml:12:13-14:85
120                android:name="com.google.firebase.components:com.google.mlkit.vision.text.internal.TextRegistrar"
120-->[com.google.android.gms:play-services-mlkit-text-recognition-common:19.0.0] AndroidManifest.xml:13:17-114
121                android:value="com.google.firebase.components.ComponentRegistrar" />
121-->[com.google.android.gms:play-services-mlkit-text-recognition-common:19.0.0] AndroidManifest.xml:14:17-82
122            <meta-data
122-->[com.google.mlkit:vision-common:17.3.0] AndroidManifest.xml:12:13-14:85
123                android:name="com.google.firebase.components:com.google.mlkit.vision.common.internal.VisionCommonRegistrar"
123-->[com.google.mlkit:vision-common:17.3.0] AndroidManifest.xml:13:17-124
124                android:value="com.google.firebase.components.ComponentRegistrar" />
124-->[com.google.mlkit:vision-common:17.3.0] AndroidManifest.xml:14:17-82
125            <meta-data
125-->[com.google.mlkit:common:18.8.0] AndroidManifest.xml:20:13-22:85
126                android:name="com.google.firebase.components:com.google.mlkit.common.internal.CommonComponentRegistrar"
126-->[com.google.mlkit:common:18.8.0] AndroidManifest.xml:21:17-120
127                android:value="com.google.firebase.components.ComponentRegistrar" />
127-->[com.google.mlkit:common:18.8.0] AndroidManifest.xml:22:17-82
128        </service>
129
130        <provider
130-->[com.google.mlkit:common:18.8.0] AndroidManifest.xml:9:9-13:38
131            android:name="com.google.mlkit.common.internal.MlKitInitProvider"
131-->[com.google.mlkit:common:18.8.0] AndroidManifest.xml:10:13-78
132            android:authorities="com.example.sheet_scanner.mlkitinitprovider"
132-->[com.google.mlkit:common:18.8.0] AndroidManifest.xml:11:13-69
133            android:exported="false"
133-->[com.google.mlkit:common:18.8.0] AndroidManifest.xml:12:13-37
134            android:initOrder="99" />
134-->[com.google.mlkit:common:18.8.0] AndroidManifest.xml:13:13-35
135
136        <activity
136-->[com.google.android.gms:play-services-base:18.1.0] AndroidManifest.xml:20:9-22:45
137            android:name="com.google.android.gms.common.api.GoogleApiActivity"
137-->[com.google.android.gms:play-services-base:18.1.0] AndroidManifest.xml:20:19-85
138            android:exported="false"
138-->[com.google.android.gms:play-services-base:18.1.0] AndroidManifest.xml:22:19-43
139            android:theme="@android:style/Theme.Translucent.NoTitleBar" />
139-->[com.google.android.gms:play-services-base:18.1.0] AndroidManifest.xml:21:19-78
140
141        <meta-data
141-->[com.google.android.gms:play-services-basement:18.1.0] AndroidManifest.xml:21:9-23:69
142            android:name="com.google.android.gms.version"
142-->[com.google.android.gms:play-services-basement:18.1.0] AndroidManifest.xml:22:13-58
143            android:value="@integer/google_play_services_version" />
143-->[com.google.android.gms:play-services-basement:18.1.0] AndroidManifest.xml:23:13-66
144
145        <uses-library
145-->[androidx.window:window:1.2.0] AndroidManifest.xml:23:9-25:40
146            android:name="androidx.window.extensions"
146-->[androidx.window:window:1.2.0] AndroidManifest.xml:24:13-54
147            android:required="false" />
147-->[androidx.window:window:1.2.0] AndroidManifest.xml:25:13-37
148        <uses-library
148-->[androidx.window:window:1.2.0] AndroidManifest.xml:26:9-28:40
149            android:name="androidx.window.sidecar"
149-->[androidx.window:window:1.2.0] AndroidManifest.xml:27:13-51
150            android:required="false" />
150-->[androidx.window:window:1.2.0] AndroidManifest.xml:28:13-37
151
152        <provider
152-->[androidx.lifecycle:lifecycle-process:2.7.0] AndroidManifest.xml:24:9-32:20
153            android:name="androidx.startup.InitializationProvider"
153-->[androidx.lifecycle:lifecycle-process:2.7.0] AndroidManifest.xml:25:13-67
154            android:authorities="com.example.sheet_scanner.androidx-startup"
154-->[androidx.lifecycle:lifecycle-process:2.7.0] AndroidManifest.xml:26:13-68
155            android:exported="false" >
155-->[androidx.lifecycle:lifecycle-process:2.7.0] AndroidManifest.xml:27:13-37
156            <meta-data
156-->[androidx.lifecycle:lifecycle-process:2.7.0] AndroidManifest.xml:29:13-31:52
157                android:name="androidx.lifecycle.ProcessLifecycleInitializer"
157-->[androidx.lifecycle:lifecycle-process:2.7.0] AndroidManifest.xml:30:17-78
158                android:value="androidx.startup" />
158-->[androidx.lifecycle:lifecycle-process:2.7.0] AndroidManifest.xml:31:17-49
159            <meta-data
159-->[androidx.profileinstaller:profileinstaller:1.3.1] AndroidManifest.xml:29:13-31:52
160                android:name="androidx.profileinstaller.ProfileInstallerInitializer"
160-->[androidx.profileinstaller:profileinstaller:1.3.1] AndroidManifest.xml:30:17-85
161                android:value="androidx.startup" />
161-->[androidx.profileinstaller:profileinstaller:1.3.1] AndroidManifest.xml:31:17-49
162        </provider>
163
164        <receiver
164-->[androidx.profileinstaller:profileinstaller:1.3.1] AndroidManifest.xml:34:9-52:20
165            android:name="androidx.profileinstaller.ProfileInstallReceiver"
165-->[androidx.profileinstaller:profileinstaller:1.3.1] AndroidManifest.xml:35:13-76
166            android:directBootAware="false"
166-->[androidx.profileinstaller:profileinstaller:1.3.1] AndroidManifest.xml:36:13-44
167            android:enabled="true"
167-->[androidx.profileinstaller:profileinstaller:1.3.1] AndroidManifest.xml:37:13-35
168            android:exported="true"
168-->[androidx.profileinstaller:profileinstaller:1.3.1] AndroidManifest.xml:38:13-36
169            android:permission="android.permission.DUMP" >
169-->[androidx.profileinstaller:profileinstaller:1.3.1] AndroidManifest.xml:39:13-57
170            <intent-filter>
170-->[androidx.profileinstaller:profileinstaller:1.3.1] AndroidManifest.xml:40:13-42:29
171                <action android:name="androidx.profileinstaller.action.INSTALL_PROFILE" />
171-->[androidx.profileinstaller:profileinstaller:1.3.1] AndroidManifest.xml:41:17-91
171-->[androidx.profileinstaller:profileinstaller:1.3.1] AndroidManifest.xml:41:25-88
172            </intent-filter>
173            <intent-filter>
173-->[androidx.profileinstaller:profileinstaller:1.3.1] AndroidManifest.xml:43:13-45:29
174                <action android:name="androidx.profileinstaller.action.SKIP_FILE" />
174-->[androidx.profileinstaller:profileinstaller:1.3.1] AndroidManifest.xml:44:17-85
174-->[androidx.profileinstaller:profileinstaller:1.3.1] AndroidManifest.xml:44:25-82
175            </intent-filter>
176            <intent-filter>
176-->[androidx.profileinstaller:profileinstaller:1.3.1] AndroidManifest.xml:46:13-48:29
177                <action android:name="androidx.profileinstaller.action.SAVE_PROFILE" />
177-->[androidx.profileinstaller:profileinstaller:1.3.1] AndroidManifest.xml:47:17-88
177-->[androidx.profileinstaller:profileinstaller:1.3.1] AndroidManifest.xml:47:25-85
178            </intent-filter>
179            <intent-filter>
179-->[androidx.profileinstaller:profileinstaller:1.3.1] AndroidManifest.xml:49:13-51:29
180                <action android:name="androidx.profileinstaller.action.BENCHMARK_OPERATION" />
180-->[androidx.profileinstaller:profileinstaller:1.3.1] AndroidManifest.xml:50:17-95
180-->[androidx.profileinstaller:profileinstaller:1.3.1] AndroidManifest.xml:50:25-92
181            </intent-filter>
182        </receiver>
183
184        <service
184-->[com.google.android.datatransport:transport-backend-cct:2.3.3] AndroidManifest.xml:29:9-35:19
185            android:name="com.google.android.datatransport.runtime.backends.TransportBackendDiscovery"
185-->[com.google.android.datatransport:transport-backend-cct:2.3.3] AndroidManifest.xml:30:13-103
186            android:exported="false" >
186-->[com.google.android.datatransport:transport-backend-cct:2.3.3] AndroidManifest.xml:31:13-37
187            <meta-data
187-->[com.google.android.datatransport:transport-backend-cct:2.3.3] AndroidManifest.xml:32:13-34:39
188                android:name="backend:com.google.android.datatransport.cct.CctBackendFactory"
188-->[com.google.android.datatransport:transport-backend-cct:2.3.3] AndroidManifest.xml:33:17-94
189                android:value="cct" />
189-->[com.google.android.datatransport:transport-backend-cct:2.3.3] AndroidManifest.xml:34:17-36
190        </service>
191        <service
191-->[com.google.android.datatransport:transport-runtime:2.2.6] AndroidManifest.xml:26:9-30:19
192            android:name="com.google.android.datatransport.runtime.scheduling.jobscheduling.JobInfoSchedulerService"
192-->[com.google.android.datatransport:transport-runtime:2.2.6] AndroidManifest.xml:27:13-117
193            android:exported="false"
193-->[com.google.android.datatransport:transport-runtime:2.2.6] AndroidManifest.xml:28:13-37
194            android:permission="android.permission.BIND_JOB_SERVICE" >
194-->[com.google.android.datatransport:transport-runtime:2.2.6] AndroidManifest.xml:29:13-69
195        </service>
196
197        <receiver
197-->[com.google.android.datatransport:transport-runtime:2.2.6] AndroidManifest.xml:32:9-34:40
198            android:name="com.google.android.datatransport.runtime.scheduling.jobscheduling.AlarmManagerSchedulerBroadcastReceiver"
198-->[com.google.android.datatransport:transport-runtime:2.2.6] AndroidManifest.xml:33:13-132
199            android:exported="false" />
199-->[com.google.android.datatransport:transport-runtime:2.2.6] AndroidManifest.xml:34:13-37
200    </application>
201
202</manifest>